#-----------------------------------------------------------
# Vivado v2019.2 (64-bit)
# SW Build 2708876 on Wed Nov  6 21:39:14 MST 2019
# IP Build 2700528 on Thu Nov  7 00:09:20 MST 2019
# Start of session at: Fri May  8 12:16:39 2020
# Process ID: 17333
# Current directory: /home/lucianop/Documents/9semestre/IIC2343/proyecto-entrega-grupo-6/Entrega 2
# Command line: vivado
# Log file: /home/lucianop/Documents/9semestre/IIC2343/proyecto-entrega-grupo-6/Entrega 2/vivado.log
# Journal file: /home/lucianop/Documents/9semestre/IIC2343/proyecto-entrega-grupo-6/Entrega 2/vivado.jou
#-----------------------------------------------------------
start_gui
open_project {/home/lucianop/Documents/9semestre/IIC2343/proyecto-entrega-grupo-6/Entrega 2/Proyecto/Entrega2.xpr}
Scanning sources...
Finished scanning sources
INFO: [IP_Flow 19-234] Refreshing IP repositories
INFO: [IP_Flow 19-1704] No user IP repositories specified
INFO: [IP_Flow 19-2313] Loaded Vivado IP repository '/tools/Xilinx/Vivado/2019.2/data/ip'.
open_project: Time (s): cpu = 00:00:13 ; elapsed = 00:00:05 . Memory (MB): peak = 6531.102 ; gain = 89.938 ; free physical = 6060 ; free virtual = 13272
update_compile_order -fileset sources_1
launch_runs synth_1 -jobs 2
CRITICAL WARNING: [HDL 9-806] Syntax error near "led". [/home/lucianop/Documents/9semestre/IIC2343/proyecto-entrega-grupo-6/Entrega 2/Proyecto/Entrega2.srcs/sources_1/imports/imports/imports/Entrega1/Basys3.vhd:155]
[Fri May  8 12:19:10 2020] Launched synth_1...
Run output will be captured here: /home/lucianop/Documents/9semestre/IIC2343/proyecto-entrega-grupo-6/Entrega 2/Proyecto/Entrega2.runs/synth_1/runme.log
update_compile_order -fileset sources_1
reset_run synth_1
launch_runs synth_1 -jobs 2
[Fri May  8 12:22:29 2020] Launched synth_1...
Run output will be captured here: /home/lucianop/Documents/9semestre/IIC2343/proyecto-entrega-grupo-6/Entrega 2/Proyecto/Entrega2.runs/synth_1/runme.log
reset_run synth_1
launch_runs synth_1 -jobs 2
[Fri May  8 12:23:40 2020] Launched synth_1...
Run output will be captured here: /home/lucianop/Documents/9semestre/IIC2343/proyecto-entrega-grupo-6/Entrega 2/Proyecto/Entrega2.runs/synth_1/runme.log
reset_run synth_1
launch_runs synth_1 -jobs 2
[Fri May  8 12:25:53 2020] Launched synth_1...
Run output will be captured here: /home/lucianop/Documents/9semestre/IIC2343/proyecto-entrega-grupo-6/Entrega 2/Proyecto/Entrega2.runs/synth_1/runme.log
reset_run synth_1
launch_runs synth_1 -jobs 2
[Fri May  8 12:29:42 2020] Launched synth_1...
Run output will be captured here: /home/lucianop/Documents/9semestre/IIC2343/proyecto-entrega-grupo-6/Entrega 2/Proyecto/Entrega2.runs/synth_1/runme.log
reset_run synth_1
launch_runs synth_1 -jobs 2
[Fri May  8 12:31:11 2020] Launched synth_1...
Run output will be captured here: /home/lucianop/Documents/9semestre/IIC2343/proyecto-entrega-grupo-6/Entrega 2/Proyecto/Entrega2.runs/synth_1/runme.log
reset_run synth_1
launch_runs synth_1 -jobs 2
CRITICAL WARNING: [HDL 9-806] Syntax error near ""0000000000000000"". [/home/lucianop/Documents/9semestre/IIC2343/proyecto-entrega-grupo-6/Entrega 2/Proyecto/Entrega2.srcs/sources_1/new/mux_a.vhd:52]
[Fri May  8 12:32:49 2020] Launched synth_1...
Run output will be captured here: /home/lucianop/Documents/9semestre/IIC2343/proyecto-entrega-grupo-6/Entrega 2/Proyecto/Entrega2.runs/synth_1/runme.log
reset_run synth_1
launch_runs synth_1 -jobs 2
[Fri May  8 12:33:01 2020] Launched synth_1...
Run output will be captured here: /home/lucianop/Documents/9semestre/IIC2343/proyecto-entrega-grupo-6/Entrega 2/Proyecto/Entrega2.runs/synth_1/runme.log
reset_run synth_1
launch_runs synth_1 -jobs 2
[Fri May  8 12:33:58 2020] Launched synth_1...
Run output will be captured here: /home/lucianop/Documents/9semestre/IIC2343/proyecto-entrega-grupo-6/Entrega 2/Proyecto/Entrega2.runs/synth_1/runme.log
reset_run synth_1
launch_runs synth_1 -jobs 2
[Fri May  8 13:16:59 2020] Launched synth_1...
Run output will be captured here: /home/lucianop/Documents/9semestre/IIC2343/proyecto-entrega-grupo-6/Entrega 2/Proyecto/Entrega2.runs/synth_1/runme.log
reset_run synth_1
launch_runs synth_1 -jobs 2
CRITICAL WARNING: [HDL 9-806] Syntax error near "begin". [/home/lucianop/Documents/9semestre/IIC2343/proyecto-entrega-grupo-6/Entrega 2/Proyecto/Entrega2.srcs/sources_1/new/ALU.vhd:143]
[Fri May  8 13:17:45 2020] Launched synth_1...
Run output will be captured here: /home/lucianop/Documents/9semestre/IIC2343/proyecto-entrega-grupo-6/Entrega 2/Proyecto/Entrega2.runs/synth_1/runme.log
reset_run synth_1
update_compile_order -fileset sources_1
launch_runs synth_1 -jobs 2
[Fri May  8 13:18:34 2020] Launched synth_1...
Run output will be captured here: /home/lucianop/Documents/9semestre/IIC2343/proyecto-entrega-grupo-6/Entrega 2/Proyecto/Entrega2.runs/synth_1/runme.log
reset_run synth_1
launch_runs synth_1 -jobs 2
[Fri May  8 13:19:19 2020] Launched synth_1...
Run output will be captured here: /home/lucianop/Documents/9semestre/IIC2343/proyecto-entrega-grupo-6/Entrega 2/Proyecto/Entrega2.runs/synth_1/runme.log
close [ open {/home/lucianop/Documents/9semestre/IIC2343/proyecto-entrega-grupo-6/Entrega 2/Proyecto/Entrega2.srcs/sources_1/new/status.vhd} w ]
add_files {{/home/lucianop/Documents/9semestre/IIC2343/proyecto-entrega-grupo-6/Entrega 2/Proyecto/Entrega2.srcs/sources_1/new/status.vhd}}
close [ open {/home/lucianop/Documents/9semestre/IIC2343/proyecto-entrega-grupo-6/Entrega 2/Proyecto/Entrega2.srcs/sources_1/new/pc.vhd} w ]
add_files {{/home/lucianop/Documents/9semestre/IIC2343/proyecto-entrega-grupo-6/Entrega 2/Proyecto/Entrega2.srcs/sources_1/new/pc.vhd}}
update_compile_order -fileset sources_1
export_ip_user_files -of_objects  [get_files {{/home/lucianop/Documents/9semestre/IIC2343/proyecto-entrega-grupo-6/Entrega 2/Proyecto/Entrega2.srcs/sources_1/new/status.vhd}}] -no_script -reset -force -quiet
remove_files  {{/home/lucianop/Documents/9semestre/IIC2343/proyecto-entrega-grupo-6/Entrega 2/Proyecto/Entrega2.srcs/sources_1/new/status.vhd}}
file delete -force {/home/lucianop/Documents/9semestre/IIC2343/proyecto-entrega-grupo-6/Entrega 2/Proyecto/Entrega2.srcs/sources_1/new/status.vhd}
export_ip_user_files -of_objects  [get_files {{/home/lucianop/Documents/9semestre/IIC2343/proyecto-entrega-grupo-6/Entrega 2/Proyecto/Entrega2.srcs/sources_1/new/pc.vhd}}] -no_script -reset -force -quiet
remove_files  {{/home/lucianop/Documents/9semestre/IIC2343/proyecto-entrega-grupo-6/Entrega 2/Proyecto/Entrega2.srcs/sources_1/new/pc.vhd}}
file delete -force {/home/lucianop/Documents/9semestre/IIC2343/proyecto-entrega-grupo-6/Entrega 2/Proyecto/Entrega2.srcs/sources_1/new/pc.vhd}
update_compile_order -fileset sources_1
exit
INFO: [Common 17-206] Exiting Vivado at Sat May  9 04:13:16 2020...
