#-----------------------------------------------------------
# Vivado v2019.2 (64-bit)
# SW Build 2708876 on Wed Nov  6 21:39:14 MST 2019
# IP Build 2700528 on Thu Nov  7 00:09:20 MST 2019
# Start of session at: Fri May  8 00:16:18 2020
# Process ID: 5042
# Current directory: /home/lucianop/Documents/9semestre/IIC2343/proyecto-entrega-grupo-6/Entrega 2
# Command line: vivado
# Log file: /home/lucianop/Documents/9semestre/IIC2343/proyecto-entrega-grupo-6/Entrega 2/vivado.log
# Journal file: /home/lucianop/Documents/9semestre/IIC2343/proyecto-entrega-grupo-6/Entrega 2/vivado.jou
#-----------------------------------------------------------
start_gui
create_project Entrega2 {/home/lucianop/Documents/9semestre/IIC2343/proyecto-entrega-grupo-6/Entrega 2/Entrega2} -part xc7a35tcpg236-1
INFO: [IP_Flow 19-234] Refreshing IP repositories
INFO: [IP_Flow 19-1704] No user IP repositories specified
INFO: [IP_Flow 19-2313] Loaded Vivado IP repository '/tools/Xilinx/Vivado/2019.2/data/ip'.
create_project: Time (s): cpu = 00:00:15 ; elapsed = 00:00:06 . Memory (MB): peak = 6515.855 ; gain = 55.805 ; free physical = 269 ; free virtual = 10272
add_files -fileset constrs_1 -norecurse /home/lucianop/Documents/9semestre/IIC2343/Vivado/Basys3.xdc
import_files -fileset constrs_1 /home/lucianop/Documents/9semestre/IIC2343/Vivado/Basys3.xdc
import_files -norecurse {/home/lucianop/Documents/9semestre/IIC2343/entrega_2/entrega_2.srcs/sources_1/imports/new/ex_or.vhd /home/lucianop/Documents/9semestre/IIC2343/entrega_2/entrega_2.srcs/sources_1/imports/new/suma.vhd /home/lucianop/Documents/9semestre/IIC2343/entrega_2/entrega_2.srcs/sources_1/imports/new/lshift.vhd /home/lucianop/Documents/9semestre/IIC2343/entrega_2/entrega_2.srcs/sources_1/imports/new/rshift.vhd /home/lucianop/Documents/9semestre/IIC2343/entrega_2/entrega_2.srcs/sources_1/imports/imports/new/half_adder.vhd /home/lucianop/Documents/9semestre/IIC2343/entrega_2/entrega_2.srcs/sources_1/imports/new/com_and.vhd /home/lucianop/Documents/9semestre/IIC2343/entrega_2/entrega_2.srcs/sources_1/imports/imports/Entrega1/Basys3.vhd /home/lucianop/Documents/9semestre/IIC2343/entrega_2/entrega_2.srcs/sources_1/imports/new/resta.vhd /home/lucianop/Documents/9semestre/IIC2343/entrega_2/entrega_2.srcs/sources_1/imports/imports/Entrega1/Reg.vhd /home/lucianop/Documents/9semestre/IIC2343/entrega_2/entrega_2.srcs/sources_1/imports/imports/new/full_adder.vhd /home/lucianop/Documents/9semestre/IIC2343/entrega_2/entrega_2.srcs/sources_1/imports/new/conjuncion.vhd}
update_compile_order -fileset sources_1
update_compile_order -fileset sources_1
import_files -norecurse /home/lucianop/Documents/9semestre/IIC2343/entrega_2/entrega_2.srcs/sources_1/imports/imports/Entrega1/Reg.vhd
update_compile_order -fileset sources_1
export_ip_user_files -of_objects  [get_files {{/home/lucianop/Documents/9semestre/IIC2343/proyecto-entrega-grupo-6/Entrega 2/Entrega2/Entrega2.srcs/sources_1/imports/imports/imports/Entrega1/Reg.vhd}}] -no_script -reset -force -quiet
remove_files  {{/home/lucianop/Documents/9semestre/IIC2343/proyecto-entrega-grupo-6/Entrega 2/Entrega2/Entrega2.srcs/sources_1/imports/imports/imports/Entrega1/Reg.vhd}}
import_files -norecurse {{/home/lucianop/Documents/9semestre/IIC2343/Syllabus/proyecto/entrega 2/RAM.vhd} {/home/lucianop/Documents/9semestre/IIC2343/Syllabus/proyecto/entrega 2/ROM.vhd}}
update_compile_order -fileset sources_1
close_project
open_project {/home/lucianop/Documents/9semestre/IIC2343/proyecto-entrega-grupo-6/Entrega 2/Proyecto/Entrega2.xpr}
INFO: [Project 1-313] Project file moved from '/home/lucianop/Documents/9semestre/IIC2343/proyecto-entrega-grupo-6/Entrega 2/Entrega2' since last save.
Scanning sources...
Finished scanning sources
INFO: [IP_Flow 19-234] Refreshing IP repositories
INFO: [IP_Flow 19-1704] No user IP repositories specified
INFO: [IP_Flow 19-2313] Loaded Vivado IP repository '/tools/Xilinx/Vivado/2019.2/data/ip'.
update_compile_order -fileset sources_1
import_files -norecurse {{/home/lucianop/Documents/9semestre/IIC2343/Proyecto Base.srcs/sources_1/ControlUnit.vhd}}
update_compile_order -fileset sources_1
file mkdir /home/lucianop/Documents/9semestre/IIC2343/proyecto-entrega-grupo-6/Entrega 2/Proyecto/Entrega2.srcs/sources_1/new
file mkdir /home/lucianop/Documents/9semestre/IIC2343/proyecto-entrega-grupo-6/Entrega 2/Proyecto/Entrega2.srcs/sources_1/new
file mkdir /home/lucianop/Documents/9semestre/IIC2343/proyecto-entrega-grupo-6/Entrega 2/Proyecto/Entrega2.srcs/sources_1/new
file mkdir /home/lucianop/Documents/9semestre/IIC2343/proyecto-entrega-grupo-6/Entrega 2/Proyecto/Entrega2.srcs/sources_1/new
file mkdir /home/lucianop/Documents/9semestre/IIC2343/proyecto-entrega-grupo-6/Entrega 2/Proyecto/Entrega2.srcs/sources_1/new
file mkdir /home/lucianop/Documents/9semestre/IIC2343/proyecto-entrega-grupo-6/Entrega 2/Proyecto/Entrega2.srcs/sources_1/new
file mkdir /home/lucianop/Documents/9semestre/IIC2343/proyecto-entrega-grupo-6/Entrega 2/Proyecto/Entrega2.srcs/sources_1/new
file mkdir /home/lucianop/Documents/9semestre/IIC2343/proyecto-entrega-grupo-6/Entrega 2/Proyecto/Entrega2.srcs/sources_1/new
file mkdir /home/lucianop/Documents/9semestre/IIC2343/proyecto-entrega-grupo-6/Entrega 2/Proyecto/Entrega2.srcs/sources_1/new
file mkdir /home/lucianop/Documents/9semestre/IIC2343/proyecto-entrega-grupo-6/Entrega 2/Proyecto/Entrega2.srcs/sources_1/new
file mkdir /home/lucianop/Documents/9semestre/IIC2343/proyecto-entrega-grupo-6/Entrega 2/Proyecto/Entrega2.srcs/sources_1/new
file mkdir /home/lucianop/Documents/9semestre/IIC2343/proyecto-entrega-grupo-6/Entrega 2/Proyecto/Entrega2.srcs/sources_1/new
file mkdir /home/lucianop/Documents/9semestre/IIC2343/proyecto-entrega-grupo-6/Entrega 2/Proyecto/Entrega2.srcs/sources_1/new
file mkdir {/home/lucianop/Documents/9semestre/IIC2343/proyecto-entrega-grupo-6/Entrega 2/Proyecto/Entrega2.srcs/sources_1/new}
close [ open {/home/lucianop/Documents/9semestre/IIC2343/proyecto-entrega-grupo-6/Entrega 2/Proyecto/Entrega2.srcs/sources_1/new/mux_b.vhd} w ]
add_files {{/home/lucianop/Documents/9semestre/IIC2343/proyecto-entrega-grupo-6/Entrega 2/Proyecto/Entrega2.srcs/sources_1/new/mux_b.vhd}}
close [ open {/home/lucianop/Documents/9semestre/IIC2343/proyecto-entrega-grupo-6/Entrega 2/Proyecto/Entrega2.srcs/sources_1/new/mux_a.vhd} w ]
add_files {{/home/lucianop/Documents/9semestre/IIC2343/proyecto-entrega-grupo-6/Entrega 2/Proyecto/Entrega2.srcs/sources_1/new/mux_a.vhd}}
update_compile_order -fileset sources_1
close [ open {/home/lucianop/Documents/9semestre/IIC2343/proyecto-entrega-grupo-6/Entrega 2/Proyecto/Entrega2.srcs/sources_1/new/ALU.vhd} w ]
add_files {{/home/lucianop/Documents/9semestre/IIC2343/proyecto-entrega-grupo-6/Entrega 2/Proyecto/Entrega2.srcs/sources_1/new/ALU.vhd}}
update_compile_order -fileset sources_1
update_compile_order -fileset sources_1
update_compile_order -fileset sources_1
update_compile_order -fileset sources_1
update_compile_order -fileset sources_1
update_compile_order -fileset sources_1
exit
INFO: [Common 17-206] Exiting Vivado at Fri May  8 05:51:29 2020...
