Vivado Simulator 2019.2
Copyright 1986-1999, 2001-2019 Xilinx, Inc. All Rights Reserved.
Running: /tools/Xilinx/Vivado/2019.2/bin/unwrapped/lnx64.o/xelab -wto b77cb173600240079fd1510a4d351ec8 --incr --debug typical --relax --mt 8 -L xil_defaultlib -L secureip --snapshot Basys3_tb_behav xil_defaultlib.Basys3_tb -log elaborate.log 
Using 8 slave threads.
Starting static elaboration
Completed static elaboration
Starting simulation data flow analysis
Completed simulation data flow analysis
Time Resolution for simulation is 1ps
Compiling package std.standard
Compiling package std.textio
Compiling package ieee.std_logic_1164
Compiling package ieee.numeric_std
Compiling package ieee.std_logic_arith
Compiling package ieee.std_logic_unsigned
Compiling architecture behavioral of entity xil_defaultlib.Reg [reg_default]
Compiling architecture behavioral of entity xil_defaultlib.mux_a [mux_a_default]
Compiling architecture behavioral of entity xil_defaultlib.mux_b [mux_b_default]
Compiling architecture behavioral of entity xil_defaultlib.conjuncion [conjuncion_default]
Compiling architecture behavioral of entity xil_defaultlib.com_and [com_and_default]
Compiling architecture behavioral of entity xil_defaultlib.ex_or [ex_or_default]
Compiling architecture behavioral of entity xil_defaultlib.rshift [rshift_default]
Compiling architecture behavioral of entity xil_defaultlib.lshift [lshift_default]
Compiling architecture behavioral of entity xil_defaultlib.half_adder [half_adder_default]
Compiling architecture behavioral of entity xil_defaultlib.full_adder [full_adder_default]
Compiling architecture behavioral of entity xil_defaultlib.suma [suma_default]
Compiling architecture behavioral of entity xil_defaultlib.resta [resta_default]
Compiling architecture behavioral of entity xil_defaultlib.ALU [alu_default]
Compiling architecture behavioral of entity xil_defaultlib.RAM [ram_default]
Compiling architecture behavioral of entity xil_defaultlib.ROM [rom_default]
Compiling architecture behavioral of entity xil_defaultlib.ControlUnit [controlunit_default]
Compiling architecture behavioral of entity xil_defaultlib.Basys3 [basys3_default]
Compiling architecture bench of entity xil_defaultlib.basys3_tb
Built simulation snapshot Basys3_tb_behav
